<?xml version="1.0" encoding="UTF-8"?>
<!-- Generated by org.testng.reporters.JUnitXMLReporter -->
<testsuite ignored="0" hostname="RFL596" failures="0" tests="5" name="Validate the Suace Labs Application" time="13.226" errors="0" timestamp="2022-09-15T21:13:03 IST">
  <testcase classname="runnerClasses.MyRunner" name="scenario" time="2.83"/>
  <testcase classname="runnerClasses.MyRunner" name="scenario" time="1.829"/>
  <testcase classname="runnerClasses.MyRunner" name="scenario" time="2.585"/>
  <testcase classname="runnerClasses.MyRunner" name="scenario" time="1.882"/>
  <testcase classname="runnerClasses.MyRunner" name="scenario" time="1.361"/>
</testsuite> <!-- Validate the Suace Labs Application -->
