<?xml version="1.0" encoding="UTF-8"?>
<testsuite xmlns:xsi="http://www.w3.org/2001/XMLSchema-instance" xsi:noNamespaceSchemaLocation="https://maven.apache.org/surefire/maven-surefire-plugin/xsd/surefire-test-report-3.0.xsd" version="3.0" name="TestSuite" time="13.571" tests="5" errors="0" skipped="0" failures="0">
  <properties>
[...]
</properties>
  <testcase name="scenario[&quot;Checkout validation scenario&quot;, &quot;Swag Bags page functionality&quot;](1)" classname="runnerClasses.MyRunner" time="2.83">
    <system-out><![CDATA[
@SanityTest
Scenario: Checkout validation scenario                                                 # resources/Features/Testing.feature:10
  Given Launch Url in the browser  "https://www.saucedemo.com/"                        # stepDefinitions.Steps_SwagBags.launch_url_in_the_browser(java.lang.String)
  And Login usernamme as "standard_user" and password as "secret_sauce"                # stepDefinitions.Steps_SwagBags.login_usernamme_as_and_password_as(java.lang.String,java.lang.String)
  Then verify the page title "Swag Labs"                                               # stepDefinitions.Steps_SwagBags.verify_the_page_title(java.lang.String)
  And Check out the product                                                            # stepDefinitions.Steps_SwagBags.check_out_the_product()
  Then Fill customer details firstname as "Raja" lastname "Rajan" and zipcode "636704" # stepDefinitions.Steps_SwagBags.fill_customer_details_firstname_as_lastname_and_zipcode(java.lang.String,java.lang.String,java.lang.String)
  Then Validation of selected product                                                  # stepDefinitions.Steps_SwagBags.validation_of_selected_product()
  And Signout from the page                                                            # stepDefinitions.Steps_SwagBags.signout_from_the_page()
]]></system-out>
    <system-err><![CDATA[SLF4J: Failed to load class "org.slf4j.impl.StaticLoggerBinder".
SLF4J: Defaulting to no-operation (NOP) logger implementation
SLF4J: See http://www.slf4j.org/codes.html#StaticLoggerBinder for further details.
ERROR StatusLogger Log4j2 could not find a logging implementation. Please add log4j-core to the classpath. Using SimpleLogger to log to the console...
Starting ChromeDriver 105.0.5195.52 (412c95e518836d8a7d97250d62b29c2ae6a26a85-refs/branch-heads/5195@{#853}) on port 50948
Only local connections are allowed.
Please see https://chromedriver.chromium.org/security-considerations for suggestions on keeping ChromeDriver safe.
ChromeDriver was started successfully.
Sep 15, 2022 9:12:52 PM org.openqa.selenium.remote.ProtocolHandshake createSession
INFO: Detected upstream dialect: W3C
Sep 15, 2022 9:12:52 PM org.openqa.selenium.devtools.CdpVersionFinder findNearestMatch
WARNING: Unable to find an exact match for CDP version 105, so returning the closest version found: 104
Sep 15, 2022 9:12:52 PM org.openqa.selenium.devtools.CdpVersionFinder findNearestMatch
INFO: Found CDP implementation for version 105 of 104
]]></system-err>
  </testcase>
  <testcase name="scenario[&quot;T_Shirt Validation&quot;, &quot;Swag Bags page functionality&quot;](2)" classname="runnerClasses.MyRunner" time="1.829">
    <system-out><![CDATA[
@SmokeTest
Scenario: T_Shirt Validation                                                   # resources/Features/Testing.feature:17
  Given Launch Url in the browser  "https://www.saucedemo.com/"                # stepDefinitions.Steps_SwagBags.launch_url_in_the_browser(java.lang.String)
  And Login usernamme as "standard_user" and password as "secret_sauce"        # stepDefinitions.Steps_SwagBags.login_usernamme_as_and_password_as(java.lang.String,java.lang.String)
  Then verify the page title "Swag Labs"                                       # stepDefinitions.Steps_SwagBags.verify_the_page_title(java.lang.String)
  Then Fetch all the product and Check "Sauce Labs Bolt T-Shirt" is available. # stepDefinitions.Steps_SwagBags.fetch_all_the_product_and_check_is_available(java.lang.String)
  And logout from the page                                                     # stepDefinitions.Steps_SwagBags.logout_from_the_page()
]]></system-out>
    <system-err><![CDATA[Starting ChromeDriver 105.0.5195.52 (412c95e518836d8a7d97250d62b29c2ae6a26a85-refs/branch-heads/5195@{#853}) on port 56701
Only local connections are allowed.
Please see https://chromedriver.chromium.org/security-considerations for suggestions on keeping ChromeDriver safe.
ChromeDriver was started successfully.
Sep 15, 2022 9:12:54 PM org.openqa.selenium.remote.ProtocolHandshake createSession
INFO: Detected upstream dialect: W3C
Sep 15, 2022 9:12:54 PM org.openqa.selenium.devtools.CdpVersionFinder findNearestMatch
WARNING: Unable to find an exact match for CDP version 105, so returning the closest version found: 104
Sep 15, 2022 9:12:54 PM org.openqa.selenium.devtools.CdpVersionFinder findNearestMatch
INFO: Found CDP implementation for version 105 of 104
]]></system-err>
  </testcase>
  <testcase name="scenario[&quot;Price validation&quot;, &quot;Swag Bags page functionality&quot;](3)" classname="runnerClasses.MyRunner" time="2.586">
    <system-out><![CDATA[
@RegressionTest
Scenario: Price validation                                                # resources/Features/Testing.feature:22
  Given Launch Url in the browser  "https://www.saucedemo.com/"           # stepDefinitions.Steps_SwagBags.launch_url_in_the_browser(java.lang.String)
  And Login usernamme as "standard_user" and password as "secret_sauce"   # stepDefinitions.Steps_SwagBags.login_usernamme_as_and_password_as(java.lang.String,java.lang.String)
  Then verify the page title "Swag Labs"                                  # stepDefinitions.Steps_SwagBags.verify_the_page_title(java.lang.String)
  Then Fething the price and removing the dollor and validating the price # stepDefinitions.Steps_SwagBags.fething_the_price_and_removing_the_dollor_and_validating_the_price()
  Then Signout                                                            # stepDefinitions.Steps_SwagBags.signout()
]]></system-out>
    <system-err><![CDATA[Starting ChromeDriver 105.0.5195.52 (412c95e518836d8a7d97250d62b29c2ae6a26a85-refs/branch-heads/5195@{#853}) on port 60834
Only local connections are allowed.
Please see https://chromedriver.chromium.org/security-considerations for suggestions on keeping ChromeDriver safe.
ChromeDriver was started successfully.
Sep 15, 2022 9:12:55 PM org.openqa.selenium.remote.ProtocolHandshake createSession
INFO: Detected upstream dialect: W3C
Sep 15, 2022 9:12:56 PM org.openqa.selenium.devtools.CdpVersionFinder findNearestMatch
WARNING: Unable to find an exact match for CDP version 105, so returning the closest version found: 104
Sep 15, 2022 9:12:56 PM org.openqa.selenium.devtools.CdpVersionFinder findNearestMatch
INFO: Found CDP implementation for version 105 of 104
]]></system-err>
  </testcase>
  <testcase name="scenario[&quot;Sorting the product Scenario&quot;, &quot;Swag Bags page functionality&quot;](4)" classname="runnerClasses.MyRunner" time="1.883">
    <system-out><![CDATA[
@End2end
Scenario: Sorting the product Scenario                                  # resources/Features/Testing.feature:26
  Given Launch Url in the browser  "https://www.saucedemo.com/"         # stepDefinitions.Steps_SwagBags.launch_url_in_the_browser(java.lang.String)
  And Login usernamme as "standard_user" and password as "secret_sauce" # stepDefinitions.Steps_SwagBags.login_usernamme_as_and_password_as(java.lang.String,java.lang.String)
  Then verify the page title "Swag Labs"                                # stepDefinitions.Steps_SwagBags.verify_the_page_title(java.lang.String)
  Then Sort the product 2                                               # stepDefinitions.Steps_SwagBags.sort_the_product(java.lang.Integer)
Sauce Labs Onesie
Sauce Labs Bike Light
Sauce Labs Bolt T-Shirt
Test.allTheThings() T-Shirt (Red)
Sauce Labs Backpack
Sauce Labs Fleece Jacket
  Then Fetch the prodct and print it in console                         # stepDefinitions.Steps_SwagBags.fetch_the_prodct_and_print_it_in_console()
  Then Signout                                                          # stepDefinitions.Steps_SwagBags.signout()
]]></system-out>
    <system-err><![CDATA[Starting ChromeDriver 105.0.5195.52 (412c95e518836d8a7d97250d62b29c2ae6a26a85-refs/branch-heads/5195@{#853}) on port 57233
Only local connections are allowed.
Please see https://chromedriver.chromium.org/security-considerations for suggestions on keeping ChromeDriver safe.
ChromeDriver was started successfully.
Sep 15, 2022 9:12:58 PM org.openqa.selenium.remote.ProtocolHandshake createSession
INFO: Detected upstream dialect: W3C
Sep 15, 2022 9:12:58 PM org.openqa.selenium.devtools.CdpVersionFinder findNearestMatch
WARNING: Unable to find an exact match for CDP version 105, so returning the closest version found: 104
Sep 15, 2022 9:12:58 PM org.openqa.selenium.devtools.CdpVersionFinder findNearestMatch
INFO: Found CDP implementation for version 105 of 104
]]></system-err>
  </testcase>
  <testcase name="scenario[&quot;Invalid User Id&quot;, &quot;Wrong Username feature&quot;](5)" classname="runnerClasses.MyRunner" time="1.36">
    <system-out><![CDATA[
@tag @tag1
Scenario: Invalid User Id                                              # resources/Features/Username.feature:7
  Given Open chrome and launch the Url "https://www.saucedemo.com/"    # stepDefinitions.Incorrect_Username.open_chrome_and_launch_the_url(java.lang.String)
  And Enter wrong usernamme as "wrongname" and pwd as "wrong_password" # stepDefinitions.Incorrect_Username.enter_wrong_usernamme_as_and_pwd_as(java.lang.String,java.lang.String)
  Then verify the page title "Swag Labs" is not displayed              # stepDefinitions.Incorrect_Username.verify_the_page_title_is_not_displayed(java.lang.String)
]]></system-out>
    <system-err><![CDATA[Starting ChromeDriver 105.0.5195.52 (412c95e518836d8a7d97250d62b29c2ae6a26a85-refs/branch-heads/5195@{#853}) on port 57059
Only local connections are allowed.
Please see https://chromedriver.chromium.org/security-considerations for suggestions on keeping ChromeDriver safe.
ChromeDriver was started successfully.
Sep 15, 2022 9:13:00 PM org.openqa.selenium.remote.ProtocolHandshake createSession
INFO: Detected upstream dialect: W3C
Sep 15, 2022 9:13:00 PM org.openqa.selenium.devtools.CdpVersionFinder findNearestMatch
WARNING: Unable to find an exact match for CDP version 105, so returning the closest version found: 104
Sep 15, 2022 9:13:00 PM org.openqa.selenium.devtools.CdpVersionFinder findNearestMatch
INFO: Found CDP implementation for version 105 of 104
]]></system-err>
  </testcase>
</testsuite>